  CREATE_STREAM @0 {NAME:clk10_rst5_seq T:TVM SCOPE:uvm_test_top.tb.clk_rst.agent.sequencer STREAM:1}
BEGIN @0 {TXH:2 STREAM:1 NAME:clk10_rst5_seq TIME=0  TYPE="Begin_No_Parent, Link" LABEL:"" DESC=""}
  CREATE_STREAM @0 {NAME:flag_wbxspi_seq T:TVM SCOPE:uvm_test_top.tb.mc_seqr STREAM:3}
BEGIN @0 {TXH:4 STREAM:3 NAME:flag_wbxspi_seq TIME=0  TYPE="Begin_No_Parent, Link" LABEL:"" DESC=""}
BEGIN @0 {TXH:5 STREAM:1 NAME:cr TIME=0  TYPE="Begin_End, Link" LABEL:"" DESC=""}
  LINK @0 {TXH1:2 TXH2:5 RELATION=child}
  CREATE_STREAM @0 {NAME:flag_wbxspi_seq T:TVM SCOPE:uvm_test_top.tb.wb.masters[0].sequencer STREAM:6}
BEGIN @0 {TXH:7 STREAM:6 NAME:wb_spi1_flag TIME=0  TYPE="Begin_End, Link" LABEL:"" DESC=""}
  LINK @0 {TXH1:4 TXH2:7 RELATION=child}
  CREATE_STREAM @0 {NAME:flag_wbxspi_seq T:TVM SCOPE:uvm_test_top.tb.spi1.slave_agent.seqr STREAM:8}
BEGIN @0 {TXH:9 STREAM:8 NAME:spi_seq TIME=0  TYPE="Begin_End, Link" LABEL:"" DESC=""}
  LINK @0 {TXH1:4 TXH2:9 RELATION=child}
BEGIN @0 {TXH:10 STREAM:1 NAME:clk10_rst5_seq TIME=0  TYPE="Begin_No_Parent, Link" LABEL:"" DESC=""}
BEGIN @0 {TXH:11 STREAM:1 NAME:cr TIME=0  TYPE="Begin_End, Link" LABEL:"" DESC=""}
  LINK @0 {TXH1:10 TXH2:11 RELATION=child}
BEGIN @0 {TXH:12 STREAM:6 NAME:req TIME=0  TYPE="Begin_End, Link" LABEL:"" DESC=""}
  LINK @0 {TXH1:7 TXH2:12 RELATION=child}
BEGIN @0 {TXH:13 STREAM:1 NAME:req TIME=0  TYPE="Begin_End, Link" LABEL:"" DESC=""}
  LINK @0 {TXH1:5 TXH2:13 RELATION=child}
  SET_ATTR @0 {TXH:13 NAME:clock_period VALUE:10   RADIX:UVM_HEX BITS=32}
  SET_ATTR @0 {TXH:13 NAME:reset_delay VALUE:5   RADIX:UVM_HEX BITS=32}
  SET_ATTR @0 {TXH:13 NAME:clock_cycles_to_count VALUE:0   RADIX:UVM_HEX BITS=32}
  SET_ATTR @0 {TXH:13 NAME:cycle_count_must_happen VALUE:0   RADIX:UVM_HEX BITS=1}
  SET_ATTR @0 {TXH:13 NAME:run_clock VALUE:1   RADIX:UVM_HEX BITS=1}
  SET_ATTR @0 {TXH:13 NAME:transaction_id VALUE:1   RADIX:UVM_DEC BITS=32}
END @0 {TXH:13 TIME=0}
FREE @0 {TXH:13}
END @0 {TXH:5 TIME=0}
FREE @0 {TXH:5}
BEGIN @0 {TXH:14 STREAM:1 NAME:req TIME=0  TYPE="Begin_End, Link" LABEL:"" DESC=""}
  LINK @0 {TXH1:11 TXH2:14 RELATION=child}
  SET_ATTR @0 {TXH:14 NAME:clock_period VALUE:10   RADIX:UVM_HEX BITS=32}
  SET_ATTR @0 {TXH:14 NAME:reset_delay VALUE:5   RADIX:UVM_HEX BITS=32}
  SET_ATTR @0 {TXH:14 NAME:clock_cycles_to_count VALUE:0   RADIX:UVM_HEX BITS=32}
  SET_ATTR @0 {TXH:14 NAME:cycle_count_must_happen VALUE:0   RADIX:UVM_HEX BITS=1}
  SET_ATTR @0 {TXH:14 NAME:run_clock VALUE:1   RADIX:UVM_HEX BITS=1}
  SET_ATTR @0 {TXH:14 NAME:transaction_id VALUE:1   RADIX:UVM_DEC BITS=32}
END @0 {TXH:14 TIME=0}
FREE @0 {TXH:14}
END @0 {TXH:11 TIME=0}
FREE @0 {TXH:11}
BEGIN @0 {TXH:15 STREAM:1 NAME:clk10_rst5_seq TIME=0  TYPE="Begin_No_Parent, Link" LABEL:"" DESC=""}
BEGIN @0 {TXH:16 STREAM:1 NAME:cr TIME=0  TYPE="Begin_End, Link" LABEL:"" DESC=""}
  LINK @0 {TXH1:15 TXH2:16 RELATION=child}
BEGIN @0 {TXH:17 STREAM:1 NAME:req TIME=0  TYPE="Begin_End, Link" LABEL:"" DESC=""}
  LINK @0 {TXH1:16 TXH2:17 RELATION=child}
  SET_ATTR @0 {TXH:17 NAME:clock_period VALUE:10   RADIX:UVM_HEX BITS=32}
  SET_ATTR @0 {TXH:17 NAME:reset_delay VALUE:5   RADIX:UVM_HEX BITS=32}
  SET_ATTR @0 {TXH:17 NAME:clock_cycles_to_count VALUE:0   RADIX:UVM_HEX BITS=32}
  SET_ATTR @0 {TXH:17 NAME:cycle_count_must_happen VALUE:0   RADIX:UVM_HEX BITS=1}
  SET_ATTR @0 {TXH:17 NAME:run_clock VALUE:1   RADIX:UVM_HEX BITS=1}
  SET_ATTR @0 {TXH:17 NAME:transaction_id VALUE:1   RADIX:UVM_DEC BITS=32}
END @0 {TXH:17 TIME=0}
FREE @0 {TXH:17}
END @0 {TXH:16 TIME=0}
FREE @0 {TXH:16}
BEGIN @0 {TXH:18 STREAM:1 NAME:clk10_rst5_seq TIME=0  TYPE="Begin_No_Parent, Link" LABEL:"" DESC=""}
BEGIN @0 {TXH:19 STREAM:1 NAME:cr TIME=0  TYPE="Begin_End, Link" LABEL:"" DESC=""}
  LINK @0 {TXH1:18 TXH2:19 RELATION=child}
BEGIN @0 {TXH:20 STREAM:1 NAME:req TIME=0  TYPE="Begin_End, Link" LABEL:"" DESC=""}
  LINK @0 {TXH1:19 TXH2:20 RELATION=child}
  SET_ATTR @0 {TXH:20 NAME:clock_period VALUE:10   RADIX:UVM_HEX BITS=32}
  SET_ATTR @0 {TXH:20 NAME:reset_delay VALUE:5   RADIX:UVM_HEX BITS=32}
  SET_ATTR @0 {TXH:20 NAME:clock_cycles_to_count VALUE:0   RADIX:UVM_HEX BITS=32}
  SET_ATTR @0 {TXH:20 NAME:cycle_count_must_happen VALUE:0   RADIX:UVM_HEX BITS=1}
  SET_ATTR @0 {TXH:20 NAME:run_clock VALUE:1   RADIX:UVM_HEX BITS=1}
  SET_ATTR @0 {TXH:20 NAME:transaction_id VALUE:1   RADIX:UVM_DEC BITS=32}
END @0 {TXH:20 TIME=0}
FREE @0 {TXH:20}
END @0 {TXH:19 TIME=0}
FREE @0 {TXH:19}
BEGIN @0 {TXH:21 STREAM:1 NAME:clk10_rst5_seq TIME=0  TYPE="Begin_No_Parent, Link" LABEL:"" DESC=""}
BEGIN @0 {TXH:22 STREAM:1 NAME:cr TIME=0  TYPE="Begin_End, Link" LABEL:"" DESC=""}
  LINK @0 {TXH1:21 TXH2:22 RELATION=child}
BEGIN @0 {TXH:23 STREAM:1 NAME:req TIME=0  TYPE="Begin_End, Link" LABEL:"" DESC=""}
  LINK @0 {TXH1:22 TXH2:23 RELATION=child}
  SET_ATTR @0 {TXH:23 NAME:clock_period VALUE:10   RADIX:UVM_HEX BITS=32}
  SET_ATTR @0 {TXH:23 NAME:reset_delay VALUE:5   RADIX:UVM_HEX BITS=32}
  SET_ATTR @0 {TXH:23 NAME:clock_cycles_to_count VALUE:0   RADIX:UVM_HEX BITS=32}
  SET_ATTR @0 {TXH:23 NAME:cycle_count_must_happen VALUE:0   RADIX:UVM_HEX BITS=1}
  SET_ATTR @0 {TXH:23 NAME:run_clock VALUE:1   RADIX:UVM_HEX BITS=1}
  SET_ATTR @0 {TXH:23 NAME:transaction_id VALUE:1   RADIX:UVM_DEC BITS=32}
END @0 {TXH:23 TIME=0}
FREE @0 {TXH:23}
END @0 {TXH:22 TIME=0}
FREE @0 {TXH:22}
BEGIN @0 {TXH:24 STREAM:1 NAME:clk10_rst5_seq TIME=0  TYPE="Begin_No_Parent, Link" LABEL:"" DESC=""}
BEGIN @0 {TXH:25 STREAM:1 NAME:cr TIME=0  TYPE="Begin_End, Link" LABEL:"" DESC=""}
  LINK @0 {TXH1:24 TXH2:25 RELATION=child}
BEGIN @0 {TXH:26 STREAM:1 NAME:req TIME=0  TYPE="Begin_End, Link" LABEL:"" DESC=""}
  LINK @0 {TXH1:25 TXH2:26 RELATION=child}
  SET_ATTR @0 {TXH:26 NAME:clock_period VALUE:10   RADIX:UVM_HEX BITS=32}
  SET_ATTR @0 {TXH:26 NAME:reset_delay VALUE:5   RADIX:UVM_HEX BITS=32}
  SET_ATTR @0 {TXH:26 NAME:clock_cycles_to_count VALUE:0   RADIX:UVM_HEX BITS=32}
  SET_ATTR @0 {TXH:26 NAME:cycle_count_must_happen VALUE:0   RADIX:UVM_HEX BITS=1}
  SET_ATTR @0 {TXH:26 NAME:run_clock VALUE:1   RADIX:UVM_HEX BITS=1}
  SET_ATTR @0 {TXH:26 NAME:transaction_id VALUE:1   RADIX:UVM_DEC BITS=32}
END @0 {TXH:26 TIME=0}
FREE @0 {TXH:26}
END @0 {TXH:25 TIME=0}
FREE @0 {TXH:25}
BEGIN @0 {TXH:27 STREAM:1 NAME:clk10_rst5_seq TIME=0  TYPE="Begin_No_Parent, Link" LABEL:"" DESC=""}
BEGIN @0 {TXH:28 STREAM:1 NAME:cr TIME=0  TYPE="Begin_End, Link" LABEL:"" DESC=""}
  LINK @0 {TXH1:27 TXH2:28 RELATION=child}
BEGIN @0 {TXH:29 STREAM:1 NAME:req TIME=0  TYPE="Begin_End, Link" LABEL:"" DESC=""}
  LINK @0 {TXH1:28 TXH2:29 RELATION=child}
  SET_ATTR @0 {TXH:29 NAME:clock_period VALUE:10   RADIX:UVM_HEX BITS=32}
  SET_ATTR @0 {TXH:29 NAME:reset_delay VALUE:5   RADIX:UVM_HEX BITS=32}
  SET_ATTR @0 {TXH:29 NAME:clock_cycles_to_count VALUE:0   RADIX:UVM_HEX BITS=32}
  SET_ATTR @0 {TXH:29 NAME:cycle_count_must_happen VALUE:0   RADIX:UVM_HEX BITS=1}
  SET_ATTR @0 {TXH:29 NAME:run_clock VALUE:1   RADIX:UVM_HEX BITS=1}
  SET_ATTR @0 {TXH:29 NAME:transaction_id VALUE:1   RADIX:UVM_DEC BITS=32}
END @0 {TXH:29 TIME=0}
FREE @0 {TXH:29}
END @0 {TXH:28 TIME=0}
FREE @0 {TXH:28}
BEGIN @0 {TXH:30 STREAM:1 NAME:clk10_rst5_seq TIME=0  TYPE="Begin_No_Parent, Link" LABEL:"" DESC=""}
BEGIN @0 {TXH:31 STREAM:1 NAME:cr TIME=0  TYPE="Begin_End, Link" LABEL:"" DESC=""}
  LINK @0 {TXH1:30 TXH2:31 RELATION=child}
BEGIN @0 {TXH:32 STREAM:1 NAME:req TIME=0  TYPE="Begin_End, Link" LABEL:"" DESC=""}
  LINK @0 {TXH1:31 TXH2:32 RELATION=child}
  SET_ATTR @0 {TXH:32 NAME:clock_period VALUE:10   RADIX:UVM_HEX BITS=32}
  SET_ATTR @0 {TXH:32 NAME:reset_delay VALUE:5   RADIX:UVM_HEX BITS=32}
  SET_ATTR @0 {TXH:32 NAME:clock_cycles_to_count VALUE:0   RADIX:UVM_HEX BITS=32}
  SET_ATTR @0 {TXH:32 NAME:cycle_count_must_happen VALUE:0   RADIX:UVM_HEX BITS=1}
  SET_ATTR @0 {TXH:32 NAME:run_clock VALUE:1   RADIX:UVM_HEX BITS=1}
  SET_ATTR @0 {TXH:32 NAME:transaction_id VALUE:1   RADIX:UVM_DEC BITS=32}
END @0 {TXH:32 TIME=0}
FREE @0 {TXH:32}
END @0 {TXH:31 TIME=0}
FREE @0 {TXH:31}
BEGIN @0 {TXH:33 STREAM:1 NAME:clk10_rst5_seq TIME=0  TYPE="Begin_No_Parent, Link" LABEL:"" DESC=""}
BEGIN @0 {TXH:34 STREAM:1 NAME:cr TIME=0  TYPE="Begin_End, Link" LABEL:"" DESC=""}
  LINK @0 {TXH1:33 TXH2:34 RELATION=child}
BEGIN @0 {TXH:35 STREAM:1 NAME:req TIME=0  TYPE="Begin_End, Link" LABEL:"" DESC=""}
  LINK @0 {TXH1:34 TXH2:35 RELATION=child}
  SET_ATTR @0 {TXH:35 NAME:clock_period VALUE:10   RADIX:UVM_HEX BITS=32}
  SET_ATTR @0 {TXH:35 NAME:reset_delay VALUE:5   RADIX:UVM_HEX BITS=32}
  SET_ATTR @0 {TXH:35 NAME:clock_cycles_to_count VALUE:0   RADIX:UVM_HEX BITS=32}
  SET_ATTR @0 {TXH:35 NAME:cycle_count_must_happen VALUE:0   RADIX:UVM_HEX BITS=1}
  SET_ATTR @0 {TXH:35 NAME:run_clock VALUE:1   RADIX:UVM_HEX BITS=1}
  SET_ATTR @0 {TXH:35 NAME:transaction_id VALUE:1   RADIX:UVM_DEC BITS=32}
END @0 {TXH:35 TIME=0}
FREE @0 {TXH:35}
END @0 {TXH:34 TIME=0}
FREE @0 {TXH:34}
BEGIN @0 {TXH:36 STREAM:1 NAME:clk10_rst5_seq TIME=0  TYPE="Begin_No_Parent, Link" LABEL:"" DESC=""}
BEGIN @0 {TXH:37 STREAM:1 NAME:cr TIME=0  TYPE="Begin_End, Link" LABEL:"" DESC=""}
  LINK @0 {TXH1:36 TXH2:37 RELATION=child}
BEGIN @0 {TXH:38 STREAM:1 NAME:req TIME=0  TYPE="Begin_End, Link" LABEL:"" DESC=""}
  LINK @0 {TXH1:37 TXH2:38 RELATION=child}
  SET_ATTR @0 {TXH:38 NAME:clock_period VALUE:10   RADIX:UVM_HEX BITS=32}
  SET_ATTR @0 {TXH:38 NAME:reset_delay VALUE:5   RADIX:UVM_HEX BITS=32}
  SET_ATTR @0 {TXH:38 NAME:clock_cycles_to_count VALUE:0   RADIX:UVM_HEX BITS=32}
  SET_ATTR @0 {TXH:38 NAME:cycle_count_must_happen VALUE:0   RADIX:UVM_HEX BITS=1}
  SET_ATTR @0 {TXH:38 NAME:run_clock VALUE:1   RADIX:UVM_HEX BITS=1}
  SET_ATTR @0 {TXH:38 NAME:transaction_id VALUE:1   RADIX:UVM_DEC BITS=32}
END @0 {TXH:38 TIME=0}
FREE @0 {TXH:38}
END @0 {TXH:37 TIME=0}
FREE @0 {TXH:37}
BEGIN @0 {TXH:39 STREAM:1 NAME:clk10_rst5_seq TIME=0  TYPE="Begin_No_Parent, Link" LABEL:"" DESC=""}
BEGIN @0 {TXH:40 STREAM:1 NAME:cr TIME=0  TYPE="Begin_End, Link" LABEL:"" DESC=""}
  LINK @0 {TXH1:39 TXH2:40 RELATION=child}
BEGIN @0 {TXH:41 STREAM:1 NAME:req TIME=0  TYPE="Begin_End, Link" LABEL:"" DESC=""}
  LINK @0 {TXH1:40 TXH2:41 RELATION=child}
  SET_ATTR @0 {TXH:41 NAME:clock_period VALUE:10   RADIX:UVM_HEX BITS=32}
  SET_ATTR @0 {TXH:41 NAME:reset_delay VALUE:5   RADIX:UVM_HEX BITS=32}
  SET_ATTR @0 {TXH:41 NAME:clock_cycles_to_count VALUE:0   RADIX:UVM_HEX BITS=32}
  SET_ATTR @0 {TXH:41 NAME:cycle_count_must_happen VALUE:0   RADIX:UVM_HEX BITS=1}
  SET_ATTR @0 {TXH:41 NAME:run_clock VALUE:1   RADIX:UVM_HEX BITS=1}
  SET_ATTR @0 {TXH:41 NAME:transaction_id VALUE:1   RADIX:UVM_DEC BITS=32}
END @0 {TXH:41 TIME=0}
FREE @0 {TXH:41}
END @0 {TXH:40 TIME=0}
FREE @0 {TXH:40}
BEGIN @0 {TXH:42 STREAM:1 NAME:clk10_rst5_seq TIME=0  TYPE="Begin_No_Parent, Link" LABEL:"" DESC=""}
BEGIN @0 {TXH:43 STREAM:1 NAME:cr TIME=0  TYPE="Begin_End, Link" LABEL:"" DESC=""}
  LINK @0 {TXH1:42 TXH2:43 RELATION=child}
BEGIN @0 {TXH:44 STREAM:1 NAME:req TIME=0  TYPE="Begin_End, Link" LABEL:"" DESC=""}
  LINK @0 {TXH1:43 TXH2:44 RELATION=child}
  SET_ATTR @0 {TXH:44 NAME:clock_period VALUE:10   RADIX:UVM_HEX BITS=32}
  SET_ATTR @0 {TXH:44 NAME:reset_delay VALUE:5   RADIX:UVM_HEX BITS=32}
  SET_ATTR @0 {TXH:44 NAME:clock_cycles_to_count VALUE:0   RADIX:UVM_HEX BITS=32}
  SET_ATTR @0 {TXH:44 NAME:cycle_count_must_happen VALUE:0   RADIX:UVM_HEX BITS=1}
  SET_ATTR @0 {TXH:44 NAME:run_clock VALUE:1   RADIX:UVM_HEX BITS=1}
  SET_ATTR @0 {TXH:44 NAME:transaction_id VALUE:1   RADIX:UVM_DEC BITS=32}
END @0 {TXH:44 TIME=0}
FREE @0 {TXH:44}
END @0 {TXH:43 TIME=0}
FREE @0 {TXH:43}
BEGIN @0 {TXH:45 STREAM:1 NAME:clk10_rst5_seq TIME=0  TYPE="Begin_No_Parent, Link" LABEL:"" DESC=""}
BEGIN @0 {TXH:46 STREAM:1 NAME:cr TIME=0  TYPE="Begin_End, Link" LABEL:"" DESC=""}
  LINK @0 {TXH1:45 TXH2:46 RELATION=child}
BEGIN @0 {TXH:47 STREAM:1 NAME:req TIME=0  TYPE="Begin_End, Link" LABEL:"" DESC=""}
  LINK @0 {TXH1:46 TXH2:47 RELATION=child}
  SET_ATTR @0 {TXH:47 NAME:clock_period VALUE:10   RADIX:UVM_HEX BITS=32}
  SET_ATTR @0 {TXH:47 NAME:reset_delay VALUE:5   RADIX:UVM_HEX BITS=32}
  SET_ATTR @0 {TXH:47 NAME:clock_cycles_to_count VALUE:0   RADIX:UVM_HEX BITS=32}
  SET_ATTR @0 {TXH:47 NAME:cycle_count_must_happen VALUE:0   RADIX:UVM_HEX BITS=1}
  SET_ATTR @0 {TXH:47 NAME:run_clock VALUE:1   RADIX:UVM_HEX BITS=1}
  SET_ATTR @0 {TXH:47 NAME:transaction_id VALUE:1   RADIX:UVM_DEC BITS=32}
END @0 {TXH:47 TIME=0}
FREE @0 {TXH:47}
END @0 {TXH:46 TIME=0}
FREE @0 {TXH:46}
  SET_ATTR @75000 {TXH:12 NAME:op_type VALUE:8602543204856329317   RADIX:UVM_STRING BITS=64}
  SET_ATTR @75000 {TXH:12 NAME:addr VALUE:0   RADIX:UVM_HEX BITS=32}
  SET_ATTR @75000 {TXH:12 NAME:din VALUE:112   RADIX:UVM_HEX BITS=8}
  SET_ATTR @75000 {TXH:12 NAME:dout VALUE:X   RADIX:UVM_HEX BITS=8}
  SET_ATTR @75000 {TXH:12 NAME:rest_rf VALUE:0   RADIX:UVM_HEX BITS=1}
  SET_ATTR @75000 {TXH:12 NAME:transaction_id VALUE:1   RADIX:UVM_DEC BITS=32}
END @75000 {TXH:12 TIME=0}
FREE @75000 {TXH:12}
BEGIN @75000 {TXH:48 STREAM:6 NAME:req TIME=0  TYPE="Begin_End, Link" LABEL:"" DESC=""}
  LINK @75000 {TXH1:7 TXH2:48 RELATION=child}
BEGIN @85000 {TXH:49 STREAM:8 NAME:req TIME=0  TYPE="Begin_End, Link" LABEL:"" DESC=""}
  LINK @85000 {TXH1:9 TXH2:49 RELATION=child}
  SET_ATTR @95000 {TXH:48 NAME:op_type VALUE:8602543204856329317   RADIX:UVM_STRING BITS=64}
  SET_ATTR @95000 {TXH:48 NAME:addr VALUE:4   RADIX:UVM_HEX BITS=32}
  SET_ATTR @95000 {TXH:48 NAME:din VALUE:1   RADIX:UVM_HEX BITS=8}
  SET_ATTR @95000 {TXH:48 NAME:dout VALUE:X   RADIX:UVM_HEX BITS=8}
  SET_ATTR @95000 {TXH:48 NAME:rest_rf VALUE:0   RADIX:UVM_HEX BITS=1}
  SET_ATTR @95000 {TXH:48 NAME:transaction_id VALUE:2   RADIX:UVM_DEC BITS=32}
END @95000 {TXH:48 TIME=0}
FREE @95000 {TXH:48}
BEGIN @95000 {TXH:50 STREAM:6 NAME:req TIME=0  TYPE="Begin_End, Link" LABEL:"" DESC=""}
  LINK @95000 {TXH1:7 TXH2:50 RELATION=child}
  SET_ATTR @115000 {TXH:50 NAME:op_type VALUE:8602543204856329317   RADIX:UVM_STRING BITS=64}
  SET_ATTR @115000 {TXH:50 NAME:addr VALUE:2   RADIX:UVM_HEX BITS=32}
  SET_ATTR @115000 {TXH:50 NAME:din VALUE:0   RADIX:UVM_HEX BITS=8}
  SET_ATTR @115000 {TXH:50 NAME:dout VALUE:X   RADIX:UVM_HEX BITS=8}
  SET_ATTR @115000 {TXH:50 NAME:rest_rf VALUE:0   RADIX:UVM_HEX BITS=1}
  SET_ATTR @115000 {TXH:50 NAME:transaction_id VALUE:3   RADIX:UVM_DEC BITS=32}
END @115000 {TXH:50 TIME=0}
FREE @115000 {TXH:50}
BEGIN @115000 {TXH:51 STREAM:6 NAME:req TIME=0  TYPE="Begin_End, Link" LABEL:"" DESC=""}
  LINK @115000 {TXH1:7 TXH2:51 RELATION=child}
  SET_ATTR @135000 {TXH:51 NAME:op_type VALUE:8602543204856329317   RADIX:UVM_STRING BITS=64}
  SET_ATTR @135000 {TXH:51 NAME:addr VALUE:2   RADIX:UVM_HEX BITS=32}
  SET_ATTR @135000 {TXH:51 NAME:din VALUE:1   RADIX:UVM_HEX BITS=8}
  SET_ATTR @135000 {TXH:51 NAME:dout VALUE:X   RADIX:UVM_HEX BITS=8}
  SET_ATTR @135000 {TXH:51 NAME:rest_rf VALUE:0   RADIX:UVM_HEX BITS=1}
  SET_ATTR @135000 {TXH:51 NAME:transaction_id VALUE:4   RADIX:UVM_DEC BITS=32}
END @135000 {TXH:51 TIME=0}
FREE @135000 {TXH:51}
BEGIN @135000 {TXH:52 STREAM:6 NAME:req TIME=0  TYPE="Begin_End, Link" LABEL:"" DESC=""}
  LINK @135000 {TXH1:7 TXH2:52 RELATION=child}
  SET_ATTR @155000 {TXH:52 NAME:op_type VALUE:8602543204856329317   RADIX:UVM_STRING BITS=64}
  SET_ATTR @155000 {TXH:52 NAME:addr VALUE:2   RADIX:UVM_HEX BITS=32}
  SET_ATTR @155000 {TXH:52 NAME:din VALUE:2   RADIX:UVM_HEX BITS=8}
  SET_ATTR @155000 {TXH:52 NAME:dout VALUE:X   RADIX:UVM_HEX BITS=8}
  SET_ATTR @155000 {TXH:52 NAME:rest_rf VALUE:0   RADIX:UVM_HEX BITS=1}
  SET_ATTR @155000 {TXH:52 NAME:transaction_id VALUE:5   RADIX:UVM_DEC BITS=32}
END @155000 {TXH:52 TIME=0}
FREE @155000 {TXH:52}
BEGIN @155000 {TXH:53 STREAM:6 NAME:req TIME=0  TYPE="Begin_End, Link" LABEL:"" DESC=""}
  LINK @155000 {TXH1:7 TXH2:53 RELATION=child}
  SET_ATTR @175000 {TXH:53 NAME:op_type VALUE:8602543204856329317   RADIX:UVM_STRING BITS=64}
  SET_ATTR @175000 {TXH:53 NAME:addr VALUE:2   RADIX:UVM_HEX BITS=32}
  SET_ATTR @175000 {TXH:53 NAME:din VALUE:3   RADIX:UVM_HEX BITS=8}
  SET_ATTR @175000 {TXH:53 NAME:dout VALUE:X   RADIX:UVM_HEX BITS=8}
  SET_ATTR @175000 {TXH:53 NAME:rest_rf VALUE:0   RADIX:UVM_HEX BITS=1}
  SET_ATTR @175000 {TXH:53 NAME:transaction_id VALUE:6   RADIX:UVM_DEC BITS=32}
END @175000 {TXH:53 TIME=0}
FREE @175000 {TXH:53}
BEGIN @175000 {TXH:54 STREAM:6 NAME:req TIME=0  TYPE="Begin_End, Link" LABEL:"" DESC=""}
  LINK @175000 {TXH1:7 TXH2:54 RELATION=child}
  SET_ATTR @195000 {TXH:54 NAME:op_type VALUE:8602543204856329317   RADIX:UVM_STRING BITS=64}
  SET_ATTR @195000 {TXH:54 NAME:addr VALUE:2   RADIX:UVM_HEX BITS=32}
  SET_ATTR @195000 {TXH:54 NAME:din VALUE:4   RADIX:UVM_HEX BITS=8}
  SET_ATTR @195000 {TXH:54 NAME:dout VALUE:X   RADIX:UVM_HEX BITS=8}
  SET_ATTR @195000 {TXH:54 NAME:rest_rf VALUE:0   RADIX:UVM_HEX BITS=1}
  SET_ATTR @195000 {TXH:54 NAME:transaction_id VALUE:7   RADIX:UVM_DEC BITS=32}
END @195000 {TXH:54 TIME=0}
FREE @195000 {TXH:54}
  SET_ATTR @275000 {TXH:49 NAME:data_in VALUE:0   RADIX:UVM_HEX BITS=8}
  SET_ATTR @275000 {TXH:49 NAME:data_out VALUE:0   RADIX:UVM_HEX BITS=8}
  SET_ATTR @275000 {TXH:49 NAME:transaction_id VALUE:1   RADIX:UVM_DEC BITS=32}
END @275000 {TXH:49 TIME=0}
FREE @275000 {TXH:49}
END @275000 {TXH:9 TIME=0}
FREE @275000 {TXH:9}
END @300000 {TXH:2 TIME=0}
FREE @300000 {TXH:2}
END @300000 {TXH:45 TIME=0}
FREE @300000 {TXH:45}
BEGIN @355000 {TXH:55 STREAM:6 NAME:req TIME=0  TYPE="Begin_End, Link" LABEL:"" DESC=""}
  LINK @355000 {TXH1:7 TXH2:55 RELATION=child}
  SET_ATTR @375000 {TXH:55 NAME:op_type VALUE:8602543204856329317   RADIX:UVM_STRING BITS=64}
  SET_ATTR @375000 {TXH:55 NAME:addr VALUE:4   RADIX:UVM_HEX BITS=32}
  SET_ATTR @375000 {TXH:55 NAME:din VALUE:0   RADIX:UVM_HEX BITS=8}
  SET_ATTR @375000 {TXH:55 NAME:dout VALUE:X   RADIX:UVM_HEX BITS=8}
  SET_ATTR @375000 {TXH:55 NAME:rest_rf VALUE:0   RADIX:UVM_HEX BITS=1}
  SET_ATTR @375000 {TXH:55 NAME:transaction_id VALUE:8   RADIX:UVM_DEC BITS=32}
END @375000 {TXH:55 TIME=0}
FREE @375000 {TXH:55}
BEGIN @375000 {TXH:56 STREAM:6 NAME:req TIME=0  TYPE="Begin_End, Link" LABEL:"" DESC=""}
  LINK @375000 {TXH1:7 TXH2:56 RELATION=child}
  SET_ATTR @395000 {TXH:56 NAME:op_type VALUE:33603684309229924   RADIX:UVM_STRING BITS=56}
  SET_ATTR @395000 {TXH:56 NAME:addr VALUE:1   RADIX:UVM_HEX BITS=32}
  SET_ATTR @395000 {TXH:56 NAME:din VALUE:168   RADIX:UVM_HEX BITS=8}
  SET_ATTR @395000 {TXH:56 NAME:dout VALUE:0   RADIX:UVM_HEX BITS=8}
  SET_ATTR @395000 {TXH:56 NAME:rest_rf VALUE:0   RADIX:UVM_HEX BITS=1}
  SET_ATTR @395000 {TXH:56 NAME:transaction_id VALUE:9   RADIX:UVM_DEC BITS=32}
END @395000 {TXH:56 TIME=0}
FREE @395000 {TXH:56}
BEGIN @395000 {TXH:57 STREAM:6 NAME:req TIME=0  TYPE="Begin_End, Link" LABEL:"" DESC=""}
  LINK @395000 {TXH1:7 TXH2:57 RELATION=child}
  SET_ATTR @415000 {TXH:57 NAME:op_type VALUE:8602543204856329317   RADIX:UVM_STRING BITS=64}
  SET_ATTR @415000 {TXH:57 NAME:addr VALUE:0   RADIX:UVM_HEX BITS=32}
  SET_ATTR @415000 {TXH:57 NAME:din VALUE:48   RADIX:UVM_HEX BITS=8}
  SET_ATTR @415000 {TXH:57 NAME:dout VALUE:X   RADIX:UVM_HEX BITS=8}
  SET_ATTR @415000 {TXH:57 NAME:rest_rf VALUE:0   RADIX:UVM_HEX BITS=1}
  SET_ATTR @415000 {TXH:57 NAME:transaction_id VALUE:10   RADIX:UVM_DEC BITS=32}
END @415000 {TXH:57 TIME=0}
FREE @415000 {TXH:57}
BEGIN @415000 {TXH:58 STREAM:6 NAME:req TIME=0  TYPE="Begin_End, Link" LABEL:"" DESC=""}
  LINK @415000 {TXH1:7 TXH2:58 RELATION=child}
  SET_ATTR @435000 {TXH:58 NAME:op_type VALUE:33603684309229924   RADIX:UVM_STRING BITS=56}
  SET_ATTR @435000 {TXH:58 NAME:addr VALUE:1   RADIX:UVM_HEX BITS=32}
  SET_ATTR @435000 {TXH:58 NAME:din VALUE:87   RADIX:UVM_HEX BITS=8}
  SET_ATTR @435000 {TXH:58 NAME:dout VALUE:0   RADIX:UVM_HEX BITS=8}
  SET_ATTR @435000 {TXH:58 NAME:rest_rf VALUE:0   RADIX:UVM_HEX BITS=1}
  SET_ATTR @435000 {TXH:58 NAME:transaction_id VALUE:11   RADIX:UVM_DEC BITS=32}
END @435000 {TXH:58 TIME=0}
FREE @435000 {TXH:58}
END @435000 {TXH:7 TIME=0}
FREE @435000 {TXH:7}
END @435000 {TXH:4 TIME=0}
FREE @435000 {TXH:4}
